mode: atomic
github.com/im-kulikov/helium/group/group.go:49.37,55.28 2 4
github.com/im-kulikov/helium/group/group.go:59.2,59.15 1 4
github.com/im-kulikov/helium/group/group.go:55.28,57.3 1 8
github.com/im-kulikov/helium/group/group.go:67.64,74.2 2 5
github.com/im-kulikov/helium/group/group.go:76.49,77.26 1 3
github.com/im-kulikov/helium/group/group.go:83.2,83.12 1 1
github.com/im-kulikov/helium/group/group.go:77.26,78.34 1 5
github.com/im-kulikov/helium/group/group.go:78.34,80.4 1 2
github.com/im-kulikov/helium/group/group.go:90.48,91.24 1 4
github.com/im-kulikov/helium/group/group.go:95.2,98.26 2 3
github.com/im-kulikov/helium/group/group.go:104.2,111.9 2 3
github.com/im-kulikov/helium/group/group.go:121.2,125.26 3 3
github.com/im-kulikov/helium/group/group.go:130.2,130.35 1 3
github.com/im-kulikov/helium/group/group.go:135.2,135.30 1 3
github.com/im-kulikov/helium/group/group.go:91.24,93.3 1 1
github.com/im-kulikov/helium/group/group.go:98.26,99.24 1 5
github.com/im-kulikov/helium/group/group.go:99.24,101.4 1 5
github.com/im-kulikov/helium/group/group.go:112.20,114.12 2 1
github.com/im-kulikov/helium/group/group.go:115.20,117.29 2 2
github.com/im-kulikov/helium/group/group.go:125.26,127.3 1 5
github.com/im-kulikov/helium/group/group.go:130.35,132.3 1 4
github.com/im-kulikov/helium/group/options.go:11.50,12.24 1 4
github.com/im-kulikov/helium/group/options.go:12.24,13.13 1 4
github.com/im-kulikov/helium/group/options.go:17.3,17.15 1 3
github.com/im-kulikov/helium/group/options.go:13.13,15.4 1 1
github.com/im-kulikov/helium/group/options.go:22.42,23.24 1 4
github.com/im-kulikov/helium/group/options.go:23.24,23.61 1 4
github.com/im-kulikov/helium/module/module.go:19.60,26.2 1 20
github.com/im-kulikov/helium/module/module.go:29.37,31.27 2 1
github.com/im-kulikov/helium/module/module.go:35.2,35.15 1 1
github.com/im-kulikov/helium/module/module.go:31.27,33.3 1 10
github.com/im-kulikov/helium/module/module.go:39.47,41.27 2 3
github.com/im-kulikov/helium/module/module.go:45.2,45.15 1 3
github.com/im-kulikov/helium/module/module.go:41.27,43.3 1 7
github.com/im-kulikov/helium/module/module.go:49.71,51.33 2 1
github.com/im-kulikov/helium/module/module.go:55.2,55.29 1 1
github.com/im-kulikov/helium/module/module.go:51.33,53.3 1 4
github.com/im-kulikov/helium/module/module.go:59.58,60.30 1 7
github.com/im-kulikov/helium/module/module.go:66.2,66.12 1 3
github.com/im-kulikov/helium/module/module.go:60.30,61.66 1 12
github.com/im-kulikov/helium/module/module.go:61.66,63.4 1 4
github.com/im-kulikov/helium/grace/grace_go1.16.go:14.56,18.12 2 3
github.com/im-kulikov/helium/grace/grace_go1.16.go:23.2,23.12 1 3
github.com/im-kulikov/helium/grace/grace_go1.16.go:18.12,21.3 2 3
github.com/im-kulikov/helium/logger/std.go:20.44,22.2 1 1
github.com/im-kulikov/helium/logger/std.go:25.60,27.2 1 1
github.com/im-kulikov/helium/logger/std.go:30.44,32.2 1 1
github.com/im-kulikov/helium/logger/std.go:35.60,37.2 1 1
github.com/im-kulikov/helium/logger/std.go:40.44,46.2 1 1
github.com/im-kulikov/helium/logger/zap.go:32.46,44.32 2 23
github.com/im-kulikov/helium/logger/zap.go:59.2,59.12 1 23
github.com/im-kulikov/helium/logger/zap.go:44.32,50.58 2 18
github.com/im-kulikov/helium/logger/zap.go:54.3,54.61 1 18
github.com/im-kulikov/helium/logger/zap.go:50.58,52.4 1 18
github.com/im-kulikov/helium/logger/zap.go:54.61,56.4 1 18
github.com/im-kulikov/helium/logger/zap.go:63.70,64.30 1 28
github.com/im-kulikov/helium/logger/zap.go:65.35,66.50 1 2
github.com/im-kulikov/helium/logger/zap.go:67.34,68.49 1 7
github.com/im-kulikov/helium/logger/zap.go:69.34,70.49 1 2
github.com/im-kulikov/helium/logger/zap.go:71.35,72.50 1 2
github.com/im-kulikov/helium/logger/zap.go:73.35,74.50 1 2
github.com/im-kulikov/helium/logger/zap.go:75.35,76.50 1 2
github.com/im-kulikov/helium/logger/zap.go:77.10,78.42 1 11
github.com/im-kulikov/helium/logger/zap.go:84.37,85.18 1 22
github.com/im-kulikov/helium/logger/zap.go:86.25,87.18 1 4
github.com/im-kulikov/helium/logger/zap.go:88.10,89.16 1 18
github.com/im-kulikov/helium/logger/zap.go:94.59,96.2 1 1
github.com/im-kulikov/helium/logger/zap.go:99.71,101.16 2 6
github.com/im-kulikov/helium/logger/zap.go:107.2,107.26 1 6
github.com/im-kulikov/helium/logger/zap.go:111.2,117.16 5 6
github.com/im-kulikov/helium/logger/zap.go:121.2,121.19 1 6
github.com/im-kulikov/helium/logger/zap.go:125.2,125.21 1 6
github.com/im-kulikov/helium/logger/zap.go:129.2,135.16 4 6
github.com/im-kulikov/helium/logger/zap.go:140.2,140.23 1 5
github.com/im-kulikov/helium/logger/zap.go:144.2,147.8 1 2
github.com/im-kulikov/helium/logger/zap.go:101.16,103.3 1 3
github.com/im-kulikov/helium/logger/zap.go:103.8,105.3 1 3
github.com/im-kulikov/helium/logger/zap.go:107.26,109.3 1 2
github.com/im-kulikov/helium/logger/zap.go:117.16,119.3 1 2
github.com/im-kulikov/helium/logger/zap.go:121.19,123.3 1 1
github.com/im-kulikov/helium/logger/zap.go:125.21,127.3 1 2
github.com/im-kulikov/helium/logger/zap.go:135.16,137.3 1 1
github.com/im-kulikov/helium/logger/zap.go:140.23,142.3 1 3
github.com/im-kulikov/helium/service/service.go:49.31,55.25 2 2
github.com/im-kulikov/helium/service/service.go:65.2,65.12 1 2
github.com/im-kulikov/helium/service/service.go:55.25,56.24 1 12
github.com/im-kulikov/helium/service/service.go:62.3,62.40 1 11
github.com/im-kulikov/helium/service/service.go:56.24,59.12 2 1
github.com/im-kulikov/helium/service/service.go:68.79,71.41 2 11
github.com/im-kulikov/helium/service/service.go:71.41,75.4 2 11
github.com/im-kulikov/helium/service/service.go:77.29,81.4 2 11
github.com/im-kulikov/helium/settings/app.go:26.53,28.38 1 1
github.com/im-kulikov/helium/settings/app.go:28.38,28.51 1 1
github.com/im-kulikov/helium/settings/app.go:33.44,35.29 1 1
github.com/im-kulikov/helium/settings/app.go:35.29,35.41 1 1
github.com/im-kulikov/helium/settings/app.go:42.33,43.16 1 6
github.com/im-kulikov/helium/settings/app.go:44.29,45.16 1 3
github.com/im-kulikov/helium/settings/app.go:46.10,47.16 1 3
github.com/im-kulikov/helium/settings/init.go:21.27,21.44 1 1
github.com/im-kulikov/helium/settings/init.go:24.43,31.23 6 3
github.com/im-kulikov/helium/settings/init.go:40.2,40.15 1 2
github.com/im-kulikov/helium/settings/init.go:31.23,35.42 3 2
github.com/im-kulikov/helium/settings/init.go:35.42,37.4 1 1
github.com/im-kulikov/helium/default.go:12.43,12.57 1 3
github.com/im-kulikov/helium/helium.go:52.64,57.16 3 10
github.com/im-kulikov/helium/helium.go:88.2,88.54 1 10
github.com/im-kulikov/helium/helium.go:92.2,92.39 1 9
github.com/im-kulikov/helium/helium.go:96.2,96.37 1 1
github.com/im-kulikov/helium/helium.go:57.16,58.23 1 10
github.com/im-kulikov/helium/helium.go:62.3,64.58 2 10
github.com/im-kulikov/helium/helium.go:68.3,68.63 1 10
github.com/im-kulikov/helium/helium.go:72.3,85.55 5 10
github.com/im-kulikov/helium/helium.go:58.23,60.4 1 10
github.com/im-kulikov/helium/helium.go:64.58,66.4 1 1
github.com/im-kulikov/helium/helium.go:68.63,70.4 1 1
github.com/im-kulikov/helium/helium.go:88.54,90.3 1 1
github.com/im-kulikov/helium/helium.go:92.39,94.3 1 8
github.com/im-kulikov/helium/helium.go:100.72,102.2 1 2
github.com/im-kulikov/helium/helium.go:105.29,106.62 1 7
github.com/im-kulikov/helium/helium.go:106.62,108.3 1 7
github.com/im-kulikov/helium/helium.go:112.23,113.16 1 3
github.com/im-kulikov/helium/helium.go:117.2,122.19 2 2
github.com/im-kulikov/helium/helium.go:113.16,115.3 1 1
github.com/im-kulikov/helium/helium.go:122.19,124.3 1 1
github.com/im-kulikov/helium/helium.go:124.8,127.3 1 1
github.com/im-kulikov/helium/helium.go:131.28,132.16 1 5
github.com/im-kulikov/helium/helium.go:137.1,138.6 1 4
github.com/im-kulikov/helium/helium.go:165.2,165.12 1 4
github.com/im-kulikov/helium/helium.go:132.16,134.3 1 1
github.com/im-kulikov/helium/helium.go:138.6,145.10 2 7
github.com/im-kulikov/helium/helium.go:154.3,156.64 2 4
github.com/im-kulikov/helium/helium.go:160.3,160.42 1 1
github.com/im-kulikov/helium/helium.go:147.39,148.14 1 3
github.com/im-kulikov/helium/helium.go:149.40,150.30 1 4
github.com/im-kulikov/helium/helium.go:156.64,157.12 1 3
github.com/im-kulikov/helium/helium.go:160.42,161.9 1 1
github.com/im-kulikov/helium/web/grpc.go:42.34,43.23 1 2
github.com/im-kulikov/helium/web/grpc.go:43.23,45.3 1 2
github.com/im-kulikov/helium/web/grpc.go:49.39,50.23 1 3
github.com/im-kulikov/helium/web/grpc.go:50.23,52.3 1 3
github.com/im-kulikov/helium/web/grpc.go:56.48,57.23 1 3
github.com/im-kulikov/helium/web/grpc.go:57.23,59.3 1 3
github.com/im-kulikov/helium/web/grpc.go:63.51,64.23 1 2
github.com/im-kulikov/helium/web/grpc.go:64.23,66.3 1 2
github.com/im-kulikov/helium/web/grpc.go:70.48,71.23 1 3
github.com/im-kulikov/helium/web/grpc.go:71.23,73.3 1 3
github.com/im-kulikov/helium/web/grpc.go:77.47,78.23 1 4
github.com/im-kulikov/helium/web/grpc.go:78.23,80.3 1 4
github.com/im-kulikov/helium/web/grpc.go:85.86,86.18 1 7
github.com/im-kulikov/helium/web/grpc.go:90.2,98.22 2 6
github.com/im-kulikov/helium/web/grpc.go:102.2,102.23 1 6
github.com/im-kulikov/helium/web/grpc.go:106.2,106.21 1 3
github.com/im-kulikov/helium/web/grpc.go:110.2,111.68 2 2
github.com/im-kulikov/helium/web/grpc.go:115.2,115.15 1 1
github.com/im-kulikov/helium/web/grpc.go:86.18,88.3 1 1
github.com/im-kulikov/helium/web/grpc.go:98.22,100.3 1 17
github.com/im-kulikov/helium/web/grpc.go:102.23,104.3 1 3
github.com/im-kulikov/helium/web/grpc.go:106.21,108.3 1 1
github.com/im-kulikov/helium/web/grpc.go:111.68,113.3 1 1
github.com/im-kulikov/helium/web/grpc.go:119.30,121.2 1 4
github.com/im-kulikov/helium/web/grpc.go:126.45,127.21 1 3
github.com/im-kulikov/helium/web/grpc.go:131.2,135.44 2 2
github.com/im-kulikov/helium/web/grpc.go:127.21,129.3 1 1
github.com/im-kulikov/helium/web/grpc.go:139.38,140.21 1 3
github.com/im-kulikov/helium/web/grpc.go:144.2,144.25 1 2
github.com/im-kulikov/helium/web/grpc.go:140.21,141.28 1 1
github.com/im-kulikov/helium/web/grpc.go:147.39,148.59 1 3
github.com/im-kulikov/helium/web/grpc.go:152.2,152.12 1 2
github.com/im-kulikov/helium/web/grpc.go:148.59,150.3 1 1
github.com/im-kulikov/helium/web/http.go:42.39,43.30 1 9
github.com/im-kulikov/helium/web/http.go:43.30,45.3 1 9
github.com/im-kulikov/helium/web/http.go:49.51,50.30 1 3
github.com/im-kulikov/helium/web/http.go:50.30,52.3 1 3
github.com/im-kulikov/helium/web/http.go:57.51,58.30 1 5
github.com/im-kulikov/helium/web/http.go:58.30,60.3 1 5
github.com/im-kulikov/helium/web/http.go:64.34,65.30 1 2
github.com/im-kulikov/helium/web/http.go:65.30,67.3 1 2
github.com/im-kulikov/helium/web/http.go:71.48,72.30 1 11
github.com/im-kulikov/helium/web/http.go:72.30,73.17 1 11
github.com/im-kulikov/helium/web/http.go:77.3,77.19 1 9
github.com/im-kulikov/helium/web/http.go:73.17,75.4 1 2
github.com/im-kulikov/helium/web/http.go:82.47,83.30 1 11
github.com/im-kulikov/helium/web/http.go:83.30,84.15 1 11
github.com/im-kulikov/helium/web/http.go:88.3,88.15 1 10
github.com/im-kulikov/helium/web/http.go:84.15,86.4 1 1
github.com/im-kulikov/helium/web/http.go:93.86,94.18 1 14
github.com/im-kulikov/helium/web/http.go:98.2,106.22 2 13
github.com/im-kulikov/helium/web/http.go:110.2,110.23 1 13
github.com/im-kulikov/helium/web/http.go:114.2,114.21 1 4
github.com/im-kulikov/helium/web/http.go:118.2,119.68 2 3
github.com/im-kulikov/helium/web/http.go:123.2,123.15 1 1
github.com/im-kulikov/helium/web/http.go:94.18,96.3 1 1
github.com/im-kulikov/helium/web/http.go:106.22,108.3 1 41
github.com/im-kulikov/helium/web/http.go:110.23,112.3 1 9
github.com/im-kulikov/helium/web/http.go:114.21,116.3 1 1
github.com/im-kulikov/helium/web/http.go:119.68,121.3 1 2
github.com/im-kulikov/helium/web/http.go:127.37,129.2 1 11
github.com/im-kulikov/helium/web/http.go:133.52,134.21 1 6
github.com/im-kulikov/helium/web/http.go:138.2,138.9 1 5
github.com/im-kulikov/helium/web/http.go:134.21,136.3 1 1
github.com/im-kulikov/helium/web/http.go:139.33,140.45 1 4
github.com/im-kulikov/helium/web/http.go:141.10,143.56 1 1
github.com/im-kulikov/helium/web/http.go:149.49,150.21 1 6
github.com/im-kulikov/helium/web/http.go:154.2,154.56 1 5
github.com/im-kulikov/helium/web/http.go:150.21,151.28 1 1
github.com/im-kulikov/helium/web/http.go:154.56,158.3 1 1
github.com/im-kulikov/helium/web/http.go:161.46,162.58 1 12
github.com/im-kulikov/helium/web/http.go:166.2,166.12 1 7
github.com/im-kulikov/helium/web/http.go:162.58,164.3 1 5
github.com/im-kulikov/helium/web/listener.go:40.42,41.27 1 2
github.com/im-kulikov/helium/web/listener.go:41.27,43.3 1 2
github.com/im-kulikov/helium/web/listener.go:47.58,48.27 1 2
github.com/im-kulikov/helium/web/listener.go:48.27,50.3 1 2
github.com/im-kulikov/helium/web/listener.go:54.44,55.27 1 1
github.com/im-kulikov/helium/web/listener.go:55.27,57.3 1 1
github.com/im-kulikov/helium/web/listener.go:61.57,62.27 1 2
github.com/im-kulikov/helium/web/listener.go:62.27,63.17 1 2
github.com/im-kulikov/helium/web/listener.go:67.3,67.17 1 1
github.com/im-kulikov/helium/web/listener.go:63.17,65.4 1 1
github.com/im-kulikov/helium/web/listener.go:72.81,73.16 1 4
github.com/im-kulikov/helium/web/listener.go:77.2,85.22 2 3
github.com/im-kulikov/helium/web/listener.go:89.2,89.15 1 3
github.com/im-kulikov/helium/web/listener.go:73.16,75.3 1 1
github.com/im-kulikov/helium/web/listener.go:85.22,87.3 1 7
github.com/im-kulikov/helium/web/listener.go:93.34,93.51 1 1
github.com/im-kulikov/helium/web/listener.go:98.49,99.21 1 2
github.com/im-kulikov/helium/web/listener.go:103.2,103.43 1 1
github.com/im-kulikov/helium/web/listener.go:99.21,101.3 1 1
github.com/im-kulikov/helium/web/listener.go:109.46,110.21 1 4
github.com/im-kulikov/helium/web/listener.go:114.2,114.56 1 3
github.com/im-kulikov/helium/web/listener.go:110.21,111.26 1 1
github.com/im-kulikov/helium/web/listener.go:114.56,118.3 1 1
github.com/im-kulikov/helium/web/listener.go:121.43,122.18 1 5
github.com/im-kulikov/helium/web/listener.go:126.2,126.32 1 4
github.com/im-kulikov/helium/web/listener.go:132.2,132.12 1 3
github.com/im-kulikov/helium/web/listener.go:122.18,124.3 1 1
github.com/im-kulikov/helium/web/listener.go:126.32,127.40 1 1
github.com/im-kulikov/helium/web/listener.go:127.40,129.4 1 1
github.com/im-kulikov/helium/web/servers.go:116.62,124.22 7 4
github.com/im-kulikov/helium/web/servers.go:128.2,135.4 1 4
github.com/im-kulikov/helium/web/servers.go:124.22,126.3 1 1
github.com/im-kulikov/helium/web/servers.go:138.60,142.22 3 4
github.com/im-kulikov/helium/web/servers.go:146.2,153.4 1 4
github.com/im-kulikov/helium/web/servers.go:142.22,144.3 1 1
github.com/im-kulikov/helium/web/servers.go:157.54,166.2 1 5
github.com/im-kulikov/helium/web/servers.go:168.63,169.17 1 7
github.com/im-kulikov/helium/web/servers.go:173.2,173.18 1 7
github.com/im-kulikov/helium/web/servers.go:177.2,177.9 1 7
github.com/im-kulikov/helium/web/servers.go:196.2,204.45 3 2
github.com/im-kulikov/helium/web/servers.go:208.2,208.39 1 2
github.com/im-kulikov/helium/web/servers.go:212.2,212.39 1 2
github.com/im-kulikov/helium/web/servers.go:217.2,217.23 1 2
github.com/im-kulikov/helium/web/servers.go:221.2,225.41 3 2
github.com/im-kulikov/helium/web/servers.go:169.17,171.3 1 2
github.com/im-kulikov/helium/web/servers.go:173.18,175.3 1 6
github.com/im-kulikov/helium/web/servers.go:178.23,179.40 1 1
github.com/im-kulikov/helium/web/servers.go:180.22,183.29 2 2
github.com/im-kulikov/helium/web/servers.go:184.44,188.29 2 1
github.com/im-kulikov/helium/web/servers.go:189.23,193.29 2 1
github.com/im-kulikov/helium/web/servers.go:204.45,206.3 1 1
github.com/im-kulikov/helium/web/servers.go:208.39,210.3 1 1
github.com/im-kulikov/helium/web/servers.go:212.39,215.3 2 1
github.com/im-kulikov/helium/web/servers.go:217.23,219.3 1 2
github.com/im-kulikov/helium/web/servers.go:229.56,230.9 1 18
github.com/im-kulikov/helium/web/servers.go:247.2,254.40 3 8
github.com/im-kulikov/helium/web/servers.go:259.2,259.40 1 8
github.com/im-kulikov/helium/web/servers.go:263.2,263.44 1 8
github.com/im-kulikov/helium/web/servers.go:267.2,268.45 2 8
github.com/im-kulikov/helium/web/servers.go:272.2,272.52 1 8
github.com/im-kulikov/helium/web/servers.go:276.2,276.46 1 8
github.com/im-kulikov/helium/web/servers.go:280.2,280.45 1 8
github.com/im-kulikov/helium/web/servers.go:284.2,284.49 1 8
github.com/im-kulikov/helium/web/servers.go:288.2,288.23 1 8
github.com/im-kulikov/helium/web/servers.go:292.2,293.16 2 8
github.com/im-kulikov/helium/web/servers.go:297.2,299.41 2 7
github.com/im-kulikov/helium/web/servers.go:231.23,232.40 1 2
github.com/im-kulikov/helium/web/servers.go:233.38,236.29 2 5
github.com/im-kulikov/helium/web/servers.go:237.24,240.29 2 2
github.com/im-kulikov/helium/web/servers.go:241.45,244.29 2 1
github.com/im-kulikov/helium/web/servers.go:254.40,257.3 2 3
github.com/im-kulikov/helium/web/servers.go:259.40,261.3 1 2
github.com/im-kulikov/helium/web/servers.go:263.44,265.3 1 1
github.com/im-kulikov/helium/web/servers.go:268.45,270.3 1 1
github.com/im-kulikov/helium/web/servers.go:272.52,274.3 1 1
github.com/im-kulikov/helium/web/servers.go:276.46,278.3 1 1
github.com/im-kulikov/helium/web/servers.go:280.45,282.3 1 1
github.com/im-kulikov/helium/web/servers.go:284.49,286.3 1 1
github.com/im-kulikov/helium/web/servers.go:288.23,290.3 1 7
github.com/im-kulikov/helium/web/servers.go:293.16,295.3 1 1
